ERROR - 2017-07-29 15:18:53 --> Could not find the language line "setting_short_language"
ERROR - 2017-07-29 15:18:56 --> Could not find the language line "setting_short_language"
ERROR - 2017-07-29 15:18:57 --> Could not find the language line "setting_short_language"
ERROR - 2017-07-29 15:19:03 --> Could not find the language line "tax1_desc"
ERROR - 2017-07-29 15:19:03 --> Could not find the language line "tax1_rate"
ERROR - 2017-07-29 15:19:03 --> Could not find the language line "tax2_desc"
ERROR - 2017-07-29 15:19:03 --> Could not find the language line "tax2_rate"
ERROR - 2017-07-29 15:19:03 --> Could not find the language line "setting_short_language"
ERROR - 2017-07-29 15:19:08 --> Could not find the language line "setting_short_language"
ERROR - 2017-07-29 18:56:04 --> Could not find the language line "setting_short_language"
ERROR - 2017-07-29 18:56:04 --> Could not find the language line "setting_short_language"
ERROR - 2017-07-29 18:56:04 --> Could not find the language line "setting_short_language"
ERROR - 2017-07-29 18:56:04 --> Could not find the language line "setting_short_language"
ERROR - 2017-07-29 18:56:07 --> Could not find the language line "setting_short_language"
ERROR - 2017-07-29 18:56:08 --> Could not find the language line "setting_short_language"
ERROR - 2017-07-29 18:56:08 --> Could not find the language line "setting_short_language"
ERROR - 2017-07-29 18:56:30 --> Could not find the language line "setting_short_language"
ERROR - 2017-07-29 18:56:53 --> Could not find the language line "setting_short_language"
ERROR - 2017-07-29 18:57:18 --> Could not find the language line "setting_short_language"
ERROR - 2017-07-29 18:57:20 --> Could not find the language line "setting_short_language"
ERROR - 2017-07-29 18:57:26 --> Could not find the language line "tax1_desc"
ERROR - 2017-07-29 18:57:26 --> Could not find the language line "tax1_rate"
ERROR - 2017-07-29 18:57:26 --> Could not find the language line "tax2_desc"
ERROR - 2017-07-29 18:57:26 --> Could not find the language line "tax2_rate"
ERROR - 2017-07-29 18:57:26 --> Could not find the language line "setting_short_language"
ERROR - 2017-07-29 18:58:35 --> Could not find the language line "tax1_desc"
ERROR - 2017-07-29 18:58:35 --> Could not find the language line "tax1_rate"
ERROR - 2017-07-29 18:58:35 --> Could not find the language line "tax2_desc"
ERROR - 2017-07-29 18:58:35 --> Could not find the language line "tax2_rate"
ERROR - 2017-07-29 18:58:35 --> Could not find the language line "setting_short_language"
ERROR - 2017-07-29 20:39:56 --> Could not find the language line "setting_short_language"
ERROR - 2017-07-29 20:39:59 --> Could not find the language line "setting_short_language"
ERROR - 2017-07-29 20:40:01 --> Could not find the language line "cients_province"
ERROR - 2017-07-29 20:40:01 --> Could not find the language line "invoice_default_note"
ERROR - 2017-07-29 20:40:01 --> Could not find the language line "settings_payment_days"
ERROR - 2017-07-29 20:40:01 --> Could not find the language line "settings_tax1_description"
ERROR - 2017-07-29 20:40:01 --> Could not find the language line "settings_tax1_rate"
ERROR - 2017-07-29 20:40:01 --> Could not find the language line "settings_tax2_description"
ERROR - 2017-07-29 20:40:01 --> Could not find the language line "settings_tax2_rate"
ERROR - 2017-07-29 20:40:01 --> Could not find the language line "setting_short_language"
ERROR - 2017-07-29 20:40:17 --> Could not find the language line "cients_province"
ERROR - 2017-07-29 20:40:17 --> Could not find the language line "invoice_default_note"
ERROR - 2017-07-29 20:40:17 --> Could not find the language line "settings_payment_days"
ERROR - 2017-07-29 20:40:17 --> Could not find the language line "settings_tax1_description"
ERROR - 2017-07-29 20:40:17 --> Could not find the language line "settings_tax1_rate"
ERROR - 2017-07-29 20:40:17 --> Could not find the language line "settings_tax2_description"
ERROR - 2017-07-29 20:40:17 --> Could not find the language line "settings_tax2_rate"
ERROR - 2017-07-29 20:40:17 --> The upload destination folder does not appear to be writable.
ERROR - 2017-07-29 20:40:17 --> Could not find the language line "cients_province"
ERROR - 2017-07-29 20:40:17 --> Could not find the language line "invoice_default_note"
ERROR - 2017-07-29 20:40:17 --> Could not find the language line "settings_payment_days"
ERROR - 2017-07-29 20:40:17 --> Could not find the language line "settings_tax1_description"
ERROR - 2017-07-29 20:40:17 --> Could not find the language line "settings_tax1_rate"
ERROR - 2017-07-29 20:40:17 --> Could not find the language line "settings_tax2_description"
ERROR - 2017-07-29 20:40:17 --> Could not find the language line "settings_tax2_rate"
ERROR - 2017-07-29 20:40:17 --> Could not find the language line "setting_short_language"
ERROR - 2017-07-29 21:08:22 --> Could not find the language line "setting_short_language"
ERROR - 2017-07-29 21:08:25 --> Could not find the language line "setting_short_language"
ERROR - 2017-07-29 21:08:27 --> Could not find the language line "setting_short_language"
ERROR - 2017-07-29 21:08:29 --> Could not find the language line "setting_short_language"
ERROR - 2017-07-29 21:08:35 --> Could not find the language line "setting_short_language"
ERROR - 2017-07-29 21:09:28 --> Could not find the language line "setting_short_language"
ERROR - 2017-07-29 21:11:09 --> Could not find the language line "setting_short_language"
ERROR - 2017-07-29 21:11:12 --> Could not find the language line "setting_short_language"
ERROR - 2017-07-29 21:11:49 --> Could not find the language line "setting_short_language"
