ERROR - 2017-07-03 07:59:35 --> Could not find the language line "setting_short_language"
ERROR - 2017-07-03 07:59:37 --> Could not find the language line "setting_short_language"
ERROR - 2017-07-03 07:59:38 --> Could not find the language line "setting_short_language"
ERROR - 2017-07-03 07:59:40 --> Could not find the language line "setting_short_language"
ERROR - 2017-07-03 07:59:42 --> Could not find the language line "tax1_desc"
ERROR - 2017-07-03 07:59:42 --> Could not find the language line "tax1_rate"
ERROR - 2017-07-03 07:59:42 --> Could not find the language line "tax2_desc"
ERROR - 2017-07-03 07:59:42 --> Could not find the language line "tax2_rate"
ERROR - 2017-07-03 07:59:42 --> Could not find the language line "setting_short_language"
ERROR - 2017-07-03 07:59:42 --> Severity: Notice --> Undefined property: CI_Loader::$validation /var/www/html/bambooinvoice/application/views/invoices/edit.php 24
ERROR - 2017-07-03 07:59:42 --> Severity: Notice --> Trying to get property of non-object /var/www/html/bambooinvoice/application/views/invoices/edit.php 24
ERROR - 2017-07-03 08:00:59 --> Could not find the language line "tax1_desc"
ERROR - 2017-07-03 08:00:59 --> Could not find the language line "tax1_rate"
ERROR - 2017-07-03 08:00:59 --> Could not find the language line "tax2_desc"
ERROR - 2017-07-03 08:00:59 --> Could not find the language line "tax2_rate"
ERROR - 2017-07-03 08:01:51 --> Could not find the language line "tax1_desc"
ERROR - 2017-07-03 08:01:51 --> Could not find the language line "tax1_rate"
ERROR - 2017-07-03 08:01:51 --> Could not find the language line "tax2_desc"
ERROR - 2017-07-03 08:01:51 --> Could not find the language line "tax2_rate"
ERROR - 2017-07-03 08:01:54 --> Could not find the language line "tax1_desc"
ERROR - 2017-07-03 08:01:54 --> Could not find the language line "tax1_rate"
ERROR - 2017-07-03 08:01:54 --> Could not find the language line "tax2_desc"
ERROR - 2017-07-03 08:01:54 --> Could not find the language line "tax2_rate"
ERROR - 2017-07-03 08:02:03 --> Could not find the language line "tax1_desc"
ERROR - 2017-07-03 08:02:03 --> Could not find the language line "tax1_rate"
ERROR - 2017-07-03 08:02:03 --> Could not find the language line "tax2_desc"
ERROR - 2017-07-03 08:02:03 --> Could not find the language line "tax2_rate"
ERROR - 2017-07-03 08:02:08 --> Could not find the language line "tax1_desc"
ERROR - 2017-07-03 08:02:08 --> Could not find the language line "tax1_rate"
ERROR - 2017-07-03 08:02:08 --> Could not find the language line "tax2_desc"
ERROR - 2017-07-03 08:02:08 --> Could not find the language line "tax2_rate"
ERROR - 2017-07-03 08:02:08 --> Could not find the language line "setting_short_language"
ERROR - 2017-07-03 08:02:44 --> Could not find the language line "setting_short_language"
ERROR - 2017-07-03 08:02:47 --> Could not find the language line "setting_short_language"
ERROR - 2017-07-03 08:02:49 --> Could not find the language line "setting_short_language"
ERROR - 2017-07-03 08:02:53 --> Could not find the language line "setting_short_language"
ERROR - 2017-07-03 08:03:00 --> Could not find the language line "setting_short_language"
ERROR - 2017-07-03 08:04:35 --> Could not find the language line "setting_short_language"
ERROR - 2017-07-03 08:04:37 --> Could not find the language line "setting_short_language"
ERROR - 2017-07-03 08:04:40 --> Could not find the language line "settings_currency type"
ERROR - 2017-07-03 08:04:40 --> Could not find the language line "settings_currency symbol"
ERROR - 2017-07-03 08:04:40 --> Could not find the language line "settings_payment_days"
ERROR - 2017-07-03 10:39:29 --> Could not find the language line "setting_short_language"
ERROR - 2017-07-03 10:39:32 --> Could not find the language line "setting_short_language"
ERROR - 2017-07-03 10:39:34 --> Could not find the language line "cients_province"
ERROR - 2017-07-03 10:39:34 --> Could not find the language line "settings_payment_days"
ERROR - 2017-07-03 10:39:34 --> Could not find the language line "settings_tax1_description"
ERROR - 2017-07-03 10:39:34 --> Could not find the language line "settings_tax1_rate"
ERROR - 2017-07-03 10:39:34 --> Could not find the language line "settings_tax2_description"
ERROR - 2017-07-03 10:39:34 --> Could not find the language line "settings_tax2_rate"
ERROR - 2017-07-03 10:39:34 --> Could not find the language line "sutilities_automatic_version_check"
ERROR - 2017-07-03 10:39:34 --> Could not find the language line "setting_short_language"
ERROR - 2017-07-03 10:39:34 --> Severity: Notice --> Undefined property: CI_Loader::$validation /var/www/html/bambooinvoice/application/views/settings/index.php 33
ERROR - 2017-07-03 10:39:34 --> Severity: Notice --> Trying to get property of non-object /var/www/html/bambooinvoice/application/views/settings/index.php 33
ERROR - 2017-07-03 10:39:34 --> Severity: Notice --> Undefined property: CI_Loader::$validation /var/www/html/bambooinvoice/application/views/settings/index.php 37
ERROR - 2017-07-03 10:39:34 --> Severity: Notice --> Trying to get property of non-object /var/www/html/bambooinvoice/application/views/settings/index.php 37
ERROR - 2017-07-03 10:39:34 --> Severity: Notice --> Undefined property: CI_Loader::$validation /var/www/html/bambooinvoice/application/views/settings/index.php 48
ERROR - 2017-07-03 10:39:34 --> Severity: Notice --> Trying to get property of non-object /var/www/html/bambooinvoice/application/views/settings/index.php 48
ERROR - 2017-07-03 10:39:34 --> Severity: Notice --> Undefined property: CI_Loader::$validation /var/www/html/bambooinvoice/application/views/settings/index.php 52
ERROR - 2017-07-03 10:39:34 --> Severity: Notice --> Trying to get property of non-object /var/www/html/bambooinvoice/application/views/settings/index.php 52
ERROR - 2017-07-03 10:39:34 --> Severity: Notice --> Undefined property: CI_Loader::$validation /var/www/html/bambooinvoice/application/views/settings/index.php 63
ERROR - 2017-07-03 10:39:34 --> Severity: Notice --> Trying to get property of non-object /var/www/html/bambooinvoice/application/views/settings/index.php 63
ERROR - 2017-07-03 10:39:34 --> Severity: Notice --> Undefined property: CI_Loader::$validation /var/www/html/bambooinvoice/application/views/settings/index.php 67
ERROR - 2017-07-03 10:39:34 --> Severity: Notice --> Trying to get property of non-object /var/www/html/bambooinvoice/application/views/settings/index.php 67
ERROR - 2017-07-03 10:39:34 --> Severity: Notice --> Undefined property: CI_Loader::$validation /var/www/html/bambooinvoice/application/views/settings/index.php 78
ERROR - 2017-07-03 10:39:34 --> Severity: Notice --> Trying to get property of non-object /var/www/html/bambooinvoice/application/views/settings/index.php 78
ERROR - 2017-07-03 10:39:34 --> Severity: Notice --> Undefined property: CI_Loader::$validation /var/www/html/bambooinvoice/application/views/settings/index.php 82
ERROR - 2017-07-03 10:39:34 --> Severity: Notice --> Trying to get property of non-object /var/www/html/bambooinvoice/application/views/settings/index.php 82
ERROR - 2017-07-03 10:39:34 --> Severity: Notice --> Undefined property: CI_Loader::$validation /var/www/html/bambooinvoice/application/views/settings/index.php 93
ERROR - 2017-07-03 10:39:34 --> Severity: Notice --> Trying to get property of non-object /var/www/html/bambooinvoice/application/views/settings/index.php 93
ERROR - 2017-07-03 10:39:34 --> Severity: Notice --> Undefined property: CI_Loader::$validation /var/www/html/bambooinvoice/application/views/settings/index.php 97
ERROR - 2017-07-03 10:39:34 --> Severity: Notice --> Trying to get property of non-object /var/www/html/bambooinvoice/application/views/settings/index.php 97
ERROR - 2017-07-03 10:39:34 --> Severity: Notice --> Undefined property: CI_Loader::$validation /var/www/html/bambooinvoice/application/views/settings/index.php 108
ERROR - 2017-07-03 10:39:34 --> Severity: Notice --> Trying to get property of non-object /var/www/html/bambooinvoice/application/views/settings/index.php 108
ERROR - 2017-07-03 10:39:34 --> Severity: Notice --> Undefined property: CI_Loader::$validation /var/www/html/bambooinvoice/application/views/settings/index.php 112
ERROR - 2017-07-03 10:39:34 --> Severity: Notice --> Trying to get property of non-object /var/www/html/bambooinvoice/application/views/settings/index.php 112
ERROR - 2017-07-03 10:39:34 --> Severity: Notice --> Undefined property: CI_Loader::$validation /var/www/html/bambooinvoice/application/views/settings/index.php 123
ERROR - 2017-07-03 10:39:34 --> Severity: Notice --> Trying to get property of non-object /var/www/html/bambooinvoice/application/views/settings/index.php 123
ERROR - 2017-07-03 10:39:34 --> Severity: Notice --> Undefined property: CI_Loader::$validation /var/www/html/bambooinvoice/application/views/settings/index.php 127
ERROR - 2017-07-03 10:39:34 --> Severity: Notice --> Trying to get property of non-object /var/www/html/bambooinvoice/application/views/settings/index.php 127
ERROR - 2017-07-03 10:39:34 --> Severity: Notice --> Undefined property: CI_Loader::$validation /var/www/html/bambooinvoice/application/views/settings/index.php 138
ERROR - 2017-07-03 10:39:34 --> Severity: Notice --> Trying to get property of non-object /var/www/html/bambooinvoice/application/views/settings/index.php 138
ERROR - 2017-07-03 10:39:34 --> Severity: Notice --> Undefined property: CI_Loader::$validation /var/www/html/bambooinvoice/application/views/settings/index.php 142
ERROR - 2017-07-03 10:39:34 --> Severity: Notice --> Trying to get property of non-object /var/www/html/bambooinvoice/application/views/settings/index.php 142
ERROR - 2017-07-03 10:39:34 --> Severity: Notice --> Undefined property: CI_Loader::$validation /var/www/html/bambooinvoice/application/views/settings/index.php 154
ERROR - 2017-07-03 10:39:34 --> Severity: Notice --> Trying to get property of non-object /var/www/html/bambooinvoice/application/views/settings/index.php 154
ERROR - 2017-07-03 10:39:34 --> Severity: Notice --> Undefined property: CI_Loader::$validation /var/www/html/bambooinvoice/application/views/settings/index.php 158
ERROR - 2017-07-03 10:39:34 --> Severity: Notice --> Trying to get property of non-object /var/www/html/bambooinvoice/application/views/settings/index.php 158
ERROR - 2017-07-03 10:39:34 --> Severity: Notice --> Undefined property: CI_Loader::$validation /var/www/html/bambooinvoice/application/views/settings/index.php 170
ERROR - 2017-07-03 10:39:34 --> Severity: Notice --> Trying to get property of non-object /var/www/html/bambooinvoice/application/views/settings/index.php 170
ERROR - 2017-07-03 10:39:34 --> Severity: Notice --> Undefined property: CI_Loader::$validation /var/www/html/bambooinvoice/application/views/settings/index.php 174
ERROR - 2017-07-03 10:39:34 --> Severity: Notice --> Trying to get property of non-object /var/www/html/bambooinvoice/application/views/settings/index.php 174
ERROR - 2017-07-03 10:39:34 --> Severity: Notice --> Undefined property: CI_Loader::$validation /var/www/html/bambooinvoice/application/views/settings/index.php 184
ERROR - 2017-07-03 10:39:34 --> Severity: Notice --> Trying to get property of non-object /var/www/html/bambooinvoice/application/views/settings/index.php 184
ERROR - 2017-07-03 10:39:34 --> Severity: Notice --> Undefined property: CI_Loader::$validation /var/www/html/bambooinvoice/application/views/settings/index.php 190
ERROR - 2017-07-03 10:39:34 --> Severity: Notice --> Trying to get property of non-object /var/www/html/bambooinvoice/application/views/settings/index.php 190
ERROR - 2017-07-03 10:39:34 --> Severity: Notice --> Undefined property: CI_Loader::$validation /var/www/html/bambooinvoice/application/views/settings/index.php 199
ERROR - 2017-07-03 10:39:34 --> Severity: Notice --> Trying to get property of non-object /var/www/html/bambooinvoice/application/views/settings/index.php 199
ERROR - 2017-07-03 10:39:34 --> Severity: Notice --> Undefined property: CI_Loader::$validation /var/www/html/bambooinvoice/application/views/settings/index.php 199
ERROR - 2017-07-03 10:39:34 --> Severity: Notice --> Trying to get property of non-object /var/www/html/bambooinvoice/application/views/settings/index.php 199
ERROR - 2017-07-03 10:39:34 --> Severity: Notice --> Undefined property: CI_Loader::$validation /var/www/html/bambooinvoice/application/views/settings/index.php 204
ERROR - 2017-07-03 10:39:34 --> Severity: Notice --> Trying to get property of non-object /var/www/html/bambooinvoice/application/views/settings/index.php 204
ERROR - 2017-07-03 10:39:34 --> Severity: Notice --> Undefined property: CI_Loader::$validation /var/www/html/bambooinvoice/application/views/settings/index.php 205
ERROR - 2017-07-03 10:39:34 --> Severity: Notice --> Trying to get property of non-object /var/www/html/bambooinvoice/application/views/settings/index.php 205
ERROR - 2017-07-03 10:39:34 --> Severity: Notice --> Undefined property: CI_Loader::$validation /var/www/html/bambooinvoice/application/views/settings/index.php 210
ERROR - 2017-07-03 10:39:34 --> Severity: Notice --> Trying to get property of non-object /var/www/html/bambooinvoice/application/views/settings/index.php 210
ERROR - 2017-07-03 10:39:34 --> Severity: Notice --> Undefined property: CI_Loader::$validation /var/www/html/bambooinvoice/application/views/settings/index.php 211
ERROR - 2017-07-03 10:39:34 --> Severity: Notice --> Trying to get property of non-object /var/www/html/bambooinvoice/application/views/settings/index.php 211
ERROR - 2017-07-03 10:39:34 --> Severity: Notice --> Undefined property: CI_Loader::$validation /var/www/html/bambooinvoice/application/views/settings/index.php 216
ERROR - 2017-07-03 10:39:34 --> Severity: Notice --> Trying to get property of non-object /var/www/html/bambooinvoice/application/views/settings/index.php 216
ERROR - 2017-07-03 10:39:34 --> Severity: Notice --> Undefined property: CI_Loader::$validation /var/www/html/bambooinvoice/application/views/settings/index.php 217
ERROR - 2017-07-03 10:39:34 --> Severity: Notice --> Trying to get property of non-object /var/www/html/bambooinvoice/application/views/settings/index.php 217
ERROR - 2017-07-03 10:39:34 --> Severity: Notice --> Undefined property: CI_Loader::$validation /var/www/html/bambooinvoice/application/views/settings/index.php 222
ERROR - 2017-07-03 10:39:34 --> Severity: Notice --> Trying to get property of non-object /var/www/html/bambooinvoice/application/views/settings/index.php 222
ERROR - 2017-07-03 10:39:34 --> Severity: Notice --> Undefined property: CI_Loader::$validation /var/www/html/bambooinvoice/application/views/settings/index.php 223
ERROR - 2017-07-03 10:39:34 --> Severity: Notice --> Trying to get property of non-object /var/www/html/bambooinvoice/application/views/settings/index.php 223
ERROR - 2017-07-03 10:39:34 --> Severity: Notice --> Undefined property: CI_Loader::$validation /var/www/html/bambooinvoice/application/views/settings/index.php 228
ERROR - 2017-07-03 10:39:34 --> Severity: Notice --> Trying to get property of non-object /var/www/html/bambooinvoice/application/views/settings/index.php 228
ERROR - 2017-07-03 10:39:34 --> Severity: Notice --> Undefined property: CI_Loader::$validation /var/www/html/bambooinvoice/application/views/settings/index.php 229
ERROR - 2017-07-03 10:39:34 --> Severity: Notice --> Trying to get property of non-object /var/www/html/bambooinvoice/application/views/settings/index.php 229
ERROR - 2017-07-03 10:39:34 --> Severity: Notice --> Undefined property: CI_Loader::$validation /var/www/html/bambooinvoice/application/views/settings/index.php 231
ERROR - 2017-07-03 10:39:34 --> Severity: Notice --> Trying to get property of non-object /var/www/html/bambooinvoice/application/views/settings/index.php 231
ERROR - 2017-07-03 10:39:34 --> Severity: Notice --> Undefined property: CI_Loader::$validation /var/www/html/bambooinvoice/application/views/settings/index.php 232
ERROR - 2017-07-03 10:39:34 --> Severity: Notice --> Trying to get property of non-object /var/www/html/bambooinvoice/application/views/settings/index.php 232
ERROR - 2017-07-03 10:39:34 --> Severity: Notice --> Undefined property: CI_Loader::$validation /var/www/html/bambooinvoice/application/views/settings/index.php 237
ERROR - 2017-07-03 10:39:34 --> Severity: Notice --> Trying to get property of non-object /var/www/html/bambooinvoice/application/views/settings/index.php 237
ERROR - 2017-07-03 10:39:34 --> Severity: Notice --> Undefined property: CI_Loader::$validation /var/www/html/bambooinvoice/application/views/settings/index.php 238
ERROR - 2017-07-03 10:39:34 --> Severity: Notice --> Trying to get property of non-object /var/www/html/bambooinvoice/application/views/settings/index.php 238
ERROR - 2017-07-03 10:39:34 --> Severity: Notice --> Undefined property: CI_Loader::$validation /var/www/html/bambooinvoice/application/views/settings/index.php 240
ERROR - 2017-07-03 10:39:34 --> Severity: Notice --> Trying to get property of non-object /var/www/html/bambooinvoice/application/views/settings/index.php 240
ERROR - 2017-07-03 10:39:34 --> Severity: Notice --> Undefined property: CI_Loader::$validation /var/www/html/bambooinvoice/application/views/settings/index.php 241
ERROR - 2017-07-03 10:39:34 --> Severity: Notice --> Trying to get property of non-object /var/www/html/bambooinvoice/application/views/settings/index.php 241
ERROR - 2017-07-03 10:39:34 --> Severity: Notice --> Undefined property: CI_Loader::$validation /var/www/html/bambooinvoice/application/views/settings/index.php 255
ERROR - 2017-07-03 10:39:34 --> Severity: Notice --> Trying to get property of non-object /var/www/html/bambooinvoice/application/views/settings/index.php 255
ERROR - 2017-07-03 10:39:34 --> Severity: Notice --> Undefined property: CI_Loader::$validation /var/www/html/bambooinvoice/application/views/settings/index.php 261
ERROR - 2017-07-03 11:02:23 --> Could not find the language line "cients_province"
ERROR - 2017-07-03 11:02:23 --> Could not find the language line "settings_payment_days"
ERROR - 2017-07-03 11:02:23 --> Could not find the language line "settings_tax1_description"
ERROR - 2017-07-03 11:02:23 --> Could not find the language line "settings_tax1_rate"
ERROR - 2017-07-03 11:02:23 --> Could not find the language line "settings_tax2_description"
ERROR - 2017-07-03 11:02:23 --> Could not find the language line "settings_tax2_rate"
ERROR - 2017-07-03 11:02:23 --> Could not find the language line "sutilities_automatic_version_check"
ERROR - 2017-07-03 11:02:23 --> Could not find the language line "setting_short_language"
ERROR - 2017-07-03 11:02:23 --> Severity: Notice --> Undefined property: CI_Loader::$validation /var/www/html/bambooinvoice/application/views/settings/index.php 33
ERROR - 2017-07-03 11:02:23 --> Severity: Notice --> Trying to get property of non-object /var/www/html/bambooinvoice/application/views/settings/index.php 33
ERROR - 2017-07-03 11:02:23 --> Severity: Notice --> Undefined property: CI_Loader::$validation /var/www/html/bambooinvoice/application/views/settings/index.php 37
ERROR - 2017-07-03 11:02:23 --> Severity: Notice --> Trying to get property of non-object /var/www/html/bambooinvoice/application/views/settings/index.php 37
ERROR - 2017-07-03 11:02:23 --> Severity: Notice --> Undefined property: CI_Loader::$validation /var/www/html/bambooinvoice/application/views/settings/index.php 48
ERROR - 2017-07-03 11:02:23 --> Severity: Notice --> Trying to get property of non-object /var/www/html/bambooinvoice/application/views/settings/index.php 48
ERROR - 2017-07-03 11:02:23 --> Severity: Notice --> Undefined property: CI_Loader::$validation /var/www/html/bambooinvoice/application/views/settings/index.php 52
ERROR - 2017-07-03 11:02:23 --> Severity: Notice --> Trying to get property of non-object /var/www/html/bambooinvoice/application/views/settings/index.php 52
ERROR - 2017-07-03 11:02:23 --> Severity: Notice --> Undefined property: CI_Loader::$validation /var/www/html/bambooinvoice/application/views/settings/index.php 63
ERROR - 2017-07-03 11:02:23 --> Severity: Notice --> Trying to get property of non-object /var/www/html/bambooinvoice/application/views/settings/index.php 63
ERROR - 2017-07-03 11:02:23 --> Severity: Notice --> Undefined property: CI_Loader::$validation /var/www/html/bambooinvoice/application/views/settings/index.php 67
ERROR - 2017-07-03 11:02:23 --> Severity: Notice --> Trying to get property of non-object /var/www/html/bambooinvoice/application/views/settings/index.php 67
ERROR - 2017-07-03 11:02:23 --> Severity: Notice --> Undefined property: CI_Loader::$validation /var/www/html/bambooinvoice/application/views/settings/index.php 78
ERROR - 2017-07-03 11:02:23 --> Severity: Notice --> Trying to get property of non-object /var/www/html/bambooinvoice/application/views/settings/index.php 78
ERROR - 2017-07-03 11:02:23 --> Severity: Notice --> Undefined property: CI_Loader::$validation /var/www/html/bambooinvoice/application/views/settings/index.php 82
ERROR - 2017-07-03 11:02:23 --> Severity: Notice --> Trying to get property of non-object /var/www/html/bambooinvoice/application/views/settings/index.php 82
ERROR - 2017-07-03 11:02:23 --> Severity: Notice --> Undefined property: CI_Loader::$validation /var/www/html/bambooinvoice/application/views/settings/index.php 93
ERROR - 2017-07-03 11:02:23 --> Severity: Notice --> Trying to get property of non-object /var/www/html/bambooinvoice/application/views/settings/index.php 93
ERROR - 2017-07-03 11:02:23 --> Severity: Notice --> Undefined property: CI_Loader::$validation /var/www/html/bambooinvoice/application/views/settings/index.php 97
ERROR - 2017-07-03 11:02:23 --> Severity: Notice --> Trying to get property of non-object /var/www/html/bambooinvoice/application/views/settings/index.php 97
ERROR - 2017-07-03 11:02:23 --> Severity: Notice --> Undefined property: CI_Loader::$validation /var/www/html/bambooinvoice/application/views/settings/index.php 108
ERROR - 2017-07-03 11:02:23 --> Severity: Notice --> Trying to get property of non-object /var/www/html/bambooinvoice/application/views/settings/index.php 108
ERROR - 2017-07-03 11:02:23 --> Severity: Notice --> Undefined property: CI_Loader::$validation /var/www/html/bambooinvoice/application/views/settings/index.php 112
ERROR - 2017-07-03 11:02:23 --> Severity: Notice --> Trying to get property of non-object /var/www/html/bambooinvoice/application/views/settings/index.php 112
ERROR - 2017-07-03 11:02:23 --> Severity: Notice --> Undefined property: CI_Loader::$validation /var/www/html/bambooinvoice/application/views/settings/index.php 123
ERROR - 2017-07-03 11:02:23 --> Severity: Notice --> Trying to get property of non-object /var/www/html/bambooinvoice/application/views/settings/index.php 123
ERROR - 2017-07-03 11:02:23 --> Severity: Notice --> Undefined property: CI_Loader::$validation /var/www/html/bambooinvoice/application/views/settings/index.php 127
ERROR - 2017-07-03 11:02:23 --> Severity: Notice --> Trying to get property of non-object /var/www/html/bambooinvoice/application/views/settings/index.php 127
ERROR - 2017-07-03 11:02:23 --> Severity: Notice --> Undefined property: CI_Loader::$validation /var/www/html/bambooinvoice/application/views/settings/index.php 138
ERROR - 2017-07-03 11:02:23 --> Severity: Notice --> Trying to get property of non-object /var/www/html/bambooinvoice/application/views/settings/index.php 138
ERROR - 2017-07-03 11:02:23 --> Severity: Notice --> Undefined property: CI_Loader::$validation /var/www/html/bambooinvoice/application/views/settings/index.php 142
ERROR - 2017-07-03 11:02:23 --> Severity: Notice --> Trying to get property of non-object /var/www/html/bambooinvoice/application/views/settings/index.php 142
ERROR - 2017-07-03 11:02:23 --> Severity: Notice --> Undefined property: CI_Loader::$validation /var/www/html/bambooinvoice/application/views/settings/index.php 154
ERROR - 2017-07-03 11:02:23 --> Severity: Notice --> Trying to get property of non-object /var/www/html/bambooinvoice/application/views/settings/index.php 154
ERROR - 2017-07-03 11:02:23 --> Severity: Notice --> Undefined property: CI_Loader::$validation /var/www/html/bambooinvoice/application/views/settings/index.php 158
ERROR - 2017-07-03 11:02:23 --> Severity: Notice --> Trying to get property of non-object /var/www/html/bambooinvoice/application/views/settings/index.php 158
ERROR - 2017-07-03 11:02:23 --> Severity: Notice --> Undefined property: CI_Loader::$validation /var/www/html/bambooinvoice/application/views/settings/index.php 170
ERROR - 2017-07-03 11:02:23 --> Severity: Notice --> Trying to get property of non-object /var/www/html/bambooinvoice/application/views/settings/index.php 170
ERROR - 2017-07-03 11:02:23 --> Severity: Notice --> Undefined property: CI_Loader::$validation /var/www/html/bambooinvoice/application/views/settings/index.php 174
ERROR - 2017-07-03 11:02:23 --> Severity: Notice --> Trying to get property of non-object /var/www/html/bambooinvoice/application/views/settings/index.php 174
ERROR - 2017-07-03 11:02:23 --> Severity: Notice --> Undefined property: CI_Loader::$validation /var/www/html/bambooinvoice/application/views/settings/index.php 184
ERROR - 2017-07-03 11:02:23 --> Severity: Notice --> Trying to get property of non-object /var/www/html/bambooinvoice/application/views/settings/index.php 184
ERROR - 2017-07-03 11:02:23 --> Severity: Notice --> Undefined property: CI_Loader::$validation /var/www/html/bambooinvoice/application/views/settings/index.php 190
ERROR - 2017-07-03 11:02:23 --> Severity: Notice --> Trying to get property of non-object /var/www/html/bambooinvoice/application/views/settings/index.php 190
ERROR - 2017-07-03 11:02:23 --> Severity: Notice --> Undefined property: CI_Loader::$validation /var/www/html/bambooinvoice/application/views/settings/index.php 199
ERROR - 2017-07-03 11:02:23 --> Severity: Notice --> Trying to get property of non-object /var/www/html/bambooinvoice/application/views/settings/index.php 199
ERROR - 2017-07-03 11:02:23 --> Severity: Notice --> Undefined property: CI_Loader::$validation /var/www/html/bambooinvoice/application/views/settings/index.php 199
ERROR - 2017-07-03 11:02:23 --> Severity: Notice --> Trying to get property of non-object /var/www/html/bambooinvoice/application/views/settings/index.php 199
ERROR - 2017-07-03 11:02:23 --> Severity: Notice --> Undefined property: CI_Loader::$validation /var/www/html/bambooinvoice/application/views/settings/index.php 204
ERROR - 2017-07-03 11:02:23 --> Severity: Notice --> Trying to get property of non-object /var/www/html/bambooinvoice/application/views/settings/index.php 204
ERROR - 2017-07-03 11:02:23 --> Severity: Notice --> Undefined property: CI_Loader::$validation /var/www/html/bambooinvoice/application/views/settings/index.php 205
ERROR - 2017-07-03 11:02:23 --> Severity: Notice --> Trying to get property of non-object /var/www/html/bambooinvoice/application/views/settings/index.php 205
ERROR - 2017-07-03 11:02:23 --> Severity: Notice --> Undefined property: CI_Loader::$validation /var/www/html/bambooinvoice/application/views/settings/index.php 210
ERROR - 2017-07-03 11:02:23 --> Severity: Notice --> Trying to get property of non-object /var/www/html/bambooinvoice/application/views/settings/index.php 210
ERROR - 2017-07-03 11:02:23 --> Severity: Notice --> Undefined property: CI_Loader::$validation /var/www/html/bambooinvoice/application/views/settings/index.php 211
ERROR - 2017-07-03 11:02:23 --> Severity: Notice --> Trying to get property of non-object /var/www/html/bambooinvoice/application/views/settings/index.php 211
ERROR - 2017-07-03 11:02:23 --> Severity: Notice --> Undefined property: CI_Loader::$validation /var/www/html/bambooinvoice/application/views/settings/index.php 216
ERROR - 2017-07-03 11:02:23 --> Severity: Notice --> Trying to get property of non-object /var/www/html/bambooinvoice/application/views/settings/index.php 216
ERROR - 2017-07-03 11:02:23 --> Severity: Notice --> Undefined property: CI_Loader::$validation /var/www/html/bambooinvoice/application/views/settings/index.php 217
ERROR - 2017-07-03 11:02:23 --> Severity: Notice --> Trying to get property of non-object /var/www/html/bambooinvoice/application/views/settings/index.php 217
ERROR - 2017-07-03 11:02:23 --> Severity: Notice --> Undefined property: CI_Loader::$validation /var/www/html/bambooinvoice/application/views/settings/index.php 222
ERROR - 2017-07-03 11:02:23 --> Severity: Notice --> Trying to get property of non-object /var/www/html/bambooinvoice/application/views/settings/index.php 222
ERROR - 2017-07-03 11:02:23 --> Severity: Notice --> Undefined property: CI_Loader::$validation /var/www/html/bambooinvoice/application/views/settings/index.php 223
ERROR - 2017-07-03 11:02:23 --> Severity: Notice --> Trying to get property of non-object /var/www/html/bambooinvoice/application/views/settings/index.php 223
ERROR - 2017-07-03 11:02:23 --> Severity: Notice --> Undefined property: CI_Loader::$validation /var/www/html/bambooinvoice/application/views/settings/index.php 228
ERROR - 2017-07-03 11:02:23 --> Severity: Notice --> Trying to get property of non-object /var/www/html/bambooinvoice/application/views/settings/index.php 228
ERROR - 2017-07-03 11:02:23 --> Severity: Notice --> Undefined property: CI_Loader::$validation /var/www/html/bambooinvoice/application/views/settings/index.php 229
ERROR - 2017-07-03 11:02:23 --> Severity: Notice --> Trying to get property of non-object /var/www/html/bambooinvoice/application/views/settings/index.php 229
ERROR - 2017-07-03 11:02:23 --> Severity: Notice --> Undefined property: CI_Loader::$validation /var/www/html/bambooinvoice/application/views/settings/index.php 231
ERROR - 2017-07-03 11:02:23 --> Severity: Notice --> Trying to get property of non-object /var/www/html/bambooinvoice/application/views/settings/index.php 231
ERROR - 2017-07-03 11:02:23 --> Severity: Notice --> Undefined property: CI_Loader::$validation /var/www/html/bambooinvoice/application/views/settings/index.php 232
ERROR - 2017-07-03 11:02:23 --> Severity: Notice --> Trying to get property of non-object /var/www/html/bambooinvoice/application/views/settings/index.php 232
ERROR - 2017-07-03 11:02:23 --> Severity: Notice --> Undefined property: CI_Loader::$validation /var/www/html/bambooinvoice/application/views/settings/index.php 237
ERROR - 2017-07-03 11:02:23 --> Severity: Notice --> Trying to get property of non-object /var/www/html/bambooinvoice/application/views/settings/index.php 237
ERROR - 2017-07-03 11:02:23 --> Severity: Notice --> Undefined property: CI_Loader::$validation /var/www/html/bambooinvoice/application/views/settings/index.php 238
ERROR - 2017-07-03 11:02:23 --> Severity: Notice --> Trying to get property of non-object /var/www/html/bambooinvoice/application/views/settings/index.php 238
ERROR - 2017-07-03 11:02:23 --> Severity: Notice --> Undefined property: CI_Loader::$validation /var/www/html/bambooinvoice/application/views/settings/index.php 240
ERROR - 2017-07-03 11:02:23 --> Severity: Notice --> Trying to get property of non-object /var/www/html/bambooinvoice/application/views/settings/index.php 240
ERROR - 2017-07-03 11:02:23 --> Severity: Notice --> Undefined property: CI_Loader::$validation /var/www/html/bambooinvoice/application/views/settings/index.php 241
ERROR - 2017-07-03 11:02:23 --> Severity: Notice --> Trying to get property of non-object /var/www/html/bambooinvoice/application/views/settings/index.php 241
ERROR - 2017-07-03 11:02:23 --> Severity: Notice --> Undefined property: CI_Loader::$validation /var/www/html/bambooinvoice/application/views/settings/index.php 255
ERROR - 2017-07-03 11:02:23 --> Severity: Notice --> Trying to get property of non-object /var/www/html/bambooinvoice/application/views/settings/index.php 255
ERROR - 2017-07-03 11:02:23 --> Severity: Notice --> Undefined property: CI_Loader::$validation /var/www/html/bambooinvoice/application/views/settings/index.php 261
ERROR - 2017-07-03 11:02:29 --> Could not find the language line "cients_province"
ERROR - 2017-07-03 11:02:29 --> Could not find the language line "invoice_default_note"
ERROR - 2017-07-03 11:02:29 --> Could not find the language line "settings_payment_days"
ERROR - 2017-07-03 11:02:29 --> Could not find the language line "settings_tax1_description"
ERROR - 2017-07-03 11:02:29 --> Could not find the language line "settings_tax1_rate"
ERROR - 2017-07-03 11:02:29 --> Could not find the language line "settings_tax2_description"
ERROR - 2017-07-03 11:02:29 --> Could not find the language line "settings_tax2_rate"
ERROR - 2017-07-03 11:02:29 --> Could not find the language line "sutilities_automatic_version_check"
ERROR - 2017-07-03 11:02:29 --> Could not find the language line "setting_short_language"
ERROR - 2017-07-03 11:02:29 --> Severity: Notice --> Undefined property: CI_Loader::$validation /var/www/html/bambooinvoice/application/views/settings/index.php 261
ERROR - 2017-07-03 12:41:07 --> Could not find the language line "setting_short_language"
ERROR - 2017-07-03 12:41:10 --> Could not find the language line "setting_short_language"
ERROR - 2017-07-03 12:41:11 --> Could not find the language line "cients_province"
ERROR - 2017-07-03 12:41:11 --> Could not find the language line "invoice_default_note"
ERROR - 2017-07-03 12:41:11 --> Could not find the language line "settings_payment_days"
ERROR - 2017-07-03 12:41:11 --> Could not find the language line "settings_tax1_description"
ERROR - 2017-07-03 12:41:11 --> Could not find the language line "settings_tax1_rate"
ERROR - 2017-07-03 12:41:11 --> Could not find the language line "settings_tax2_description"
ERROR - 2017-07-03 12:41:11 --> Could not find the language line "settings_tax2_rate"
ERROR - 2017-07-03 12:41:11 --> Could not find the language line "sutilities_automatic_version_check"
ERROR - 2017-07-03 12:41:11 --> Could not find the language line "setting_short_language"
ERROR - 2017-07-03 12:41:11 --> Severity: Notice --> Undefined property: CI_Loader::$validation /var/www/html/bambooinvoice/application/views/settings/index.php 261
ERROR - 2017-07-03 12:42:07 --> Could not find the language line "cients_province"
ERROR - 2017-07-03 12:42:07 --> Could not find the language line "invoice_default_note"
ERROR - 2017-07-03 12:42:07 --> Could not find the language line "settings_payment_days"
ERROR - 2017-07-03 12:42:07 --> Could not find the language line "settings_tax1_description"
ERROR - 2017-07-03 12:42:07 --> Could not find the language line "settings_tax1_rate"
ERROR - 2017-07-03 12:42:07 --> Could not find the language line "settings_tax2_description"
ERROR - 2017-07-03 12:42:07 --> Could not find the language line "settings_tax2_rate"
ERROR - 2017-07-03 12:42:07 --> Could not find the language line "sutilities_automatic_version_check"
ERROR - 2017-07-03 12:42:07 --> Could not find the language line "setting_short_language"
ERROR - 2017-07-03 12:42:07 --> Severity: Notice --> Undefined property: CI_Loader::$validation /var/www/html/bambooinvoice/application/views/settings/index.php 291
ERROR - 2017-07-03 12:42:24 --> Could not find the language line "cients_province"
ERROR - 2017-07-03 12:42:24 --> Could not find the language line "invoice_default_note"
ERROR - 2017-07-03 12:42:24 --> Could not find the language line "settings_payment_days"
ERROR - 2017-07-03 12:42:24 --> Could not find the language line "settings_tax1_description"
ERROR - 2017-07-03 12:42:24 --> Could not find the language line "settings_tax1_rate"
ERROR - 2017-07-03 12:42:24 --> Could not find the language line "settings_tax2_description"
ERROR - 2017-07-03 12:42:24 --> Could not find the language line "settings_tax2_rate"
ERROR - 2017-07-03 12:42:24 --> Could not find the language line "sutilities_automatic_version_check"
ERROR - 2017-07-03 12:42:24 --> Could not find the language line "setting_short_language"
ERROR - 2017-07-03 12:42:42 --> Could not find the language line "cients_province"
ERROR - 2017-07-03 12:42:42 --> Could not find the language line "invoice_default_note"
ERROR - 2017-07-03 12:42:42 --> Could not find the language line "settings_payment_days"
ERROR - 2017-07-03 12:42:42 --> Could not find the language line "settings_tax1_description"
ERROR - 2017-07-03 12:42:42 --> Could not find the language line "settings_tax1_rate"
ERROR - 2017-07-03 12:42:42 --> Could not find the language line "settings_tax2_description"
ERROR - 2017-07-03 12:42:42 --> Could not find the language line "settings_tax2_rate"
ERROR - 2017-07-03 12:42:42 --> Could not find the language line "sutilities_automatic_version_check"
ERROR - 2017-07-03 12:42:42 --> Could not find the language line "form_validation_prep_for_form"
ERROR - 2017-07-03 12:42:42 --> Could not find the language line "form_validation_prep_for_form"
ERROR - 2017-07-03 12:42:42 --> Could not find the language line "form_validation_prep_for_form"
ERROR - 2017-07-03 12:42:42 --> Could not find the language line "form_validation_prep_for_form"
ERROR - 2017-07-03 12:42:42 --> Could not find the language line "form_validation_prep_for_form"
ERROR - 2017-07-03 12:42:42 --> Could not find the language line "setting_short_language"
ERROR - 2017-07-03 12:52:27 --> Could not find the language line "cients_province"
ERROR - 2017-07-03 12:52:27 --> Could not find the language line "invoice_default_note"
ERROR - 2017-07-03 12:52:27 --> Could not find the language line "settings_payment_days"
ERROR - 2017-07-03 12:52:27 --> Could not find the language line "settings_tax1_description"
ERROR - 2017-07-03 12:52:27 --> Could not find the language line "settings_tax1_rate"
ERROR - 2017-07-03 12:52:27 --> Could not find the language line "settings_tax2_description"
ERROR - 2017-07-03 12:52:27 --> Could not find the language line "settings_tax2_rate"
ERROR - 2017-07-03 12:52:27 --> Could not find the language line "sutilities_automatic_version_check"
ERROR - 2017-07-03 12:52:27 --> Could not find the language line "setting_short_language"
ERROR - 2017-07-03 12:52:45 --> Could not find the language line "setting_short_language"
ERROR - 2017-07-03 12:52:48 --> Could not find the language line "setting_short_language"
ERROR - 2017-07-03 12:52:56 --> Could not find the language line "setting_short_language"
ERROR - 2017-07-03 12:52:58 --> Could not find the language line "setting_short_language"
ERROR - 2017-07-03 12:53:01 --> Could not find the language line "setting_short_language"
ERROR - 2017-07-03 12:53:02 --> Could not find the language line "setting_short_language"
ERROR - 2017-07-03 12:53:04 --> Could not find the language line "setting_short_language"
ERROR - 2017-07-03 12:53:06 --> Could not find the language line "setting_short_language"
ERROR - 2017-07-03 12:53:07 --> Could not find the language line "setting_short_language"
ERROR - 2017-07-03 12:53:08 --> Query error: You have an error in your SQL syntax; check the manual that corresponds to your MariaDB server version for the right syntax to use near '`quantity`) AS `amount`, SUM((invoice_items.amount*invoice_items.quantity)*invoi' at line 1 - Invalid query: SELECT SUM(`amount *` `quantity`) AS `amount`, SUM((invoice_items.amount*invoice_items.quantity)*invoices.tax1_rate/100) AS tax1_collected, SUM((invoice_items.amount*invoice_items.quantity)*invoices.tax2_rate/100) AS tax2_collected
FROM `clients`
JOIN `invoices` ON `invoices`.`client_id` = `clients`.`id`
JOIN `invoice_items` ON `invoices`.`id` = `invoice_items`.`invoice_id`
WHERE `dateIssued` >= '2017-01-01'
AND `dateIssued` <= '2017-01-31'
ERROR - 2017-07-03 12:53:19 --> Could not find the language line "setting_short_language"
ERROR - 2017-07-03 12:53:22 --> Could not find the language line "cients_province"
ERROR - 2017-07-03 12:53:22 --> Could not find the language line "invoice_default_note"
ERROR - 2017-07-03 12:53:22 --> Could not find the language line "settings_payment_days"
ERROR - 2017-07-03 12:53:22 --> Could not find the language line "settings_tax1_description"
ERROR - 2017-07-03 12:53:22 --> Could not find the language line "settings_tax1_rate"
ERROR - 2017-07-03 12:53:22 --> Could not find the language line "settings_tax2_description"
ERROR - 2017-07-03 12:53:22 --> Could not find the language line "settings_tax2_rate"
ERROR - 2017-07-03 12:53:22 --> Could not find the language line "sutilities_automatic_version_check"
ERROR - 2017-07-03 12:53:22 --> Could not find the language line "setting_short_language"
ERROR - 2017-07-03 12:53:24 --> Could not find the language line "setting_short_language"
ERROR - 2017-07-03 13:31:46 --> Query error: You have an error in your SQL syntax; check the manual that corresponds to your MariaDB server version for the right syntax to use near '`quantity`) AS `amount`, SUM((invoice_items.amount*invoice_items.quantity)*invoi' at line 1 - Invalid query: SELECT SUM(`amount *` `quantity`) AS `amount`, SUM((invoice_items.amount*invoice_items.quantity)*invoices.tax1_rate/100) AS tax1_collected, SUM((invoice_items.amount*invoice_items.quantity)*invoices.tax2_rate/100) AS tax2_collected
FROM `clients`
JOIN `invoices` ON `invoices`.`client_id` = `clients`.`id`
JOIN `invoice_items` ON `invoices`.`id` = `invoice_items`.`invoice_id`
WHERE `dateIssued` >= '2017-01-01'
AND `dateIssued` <= '2017-01-31'
ERROR - 2017-07-03 13:31:48 --> Could not find the language line "setting_short_language"
ERROR - 2017-07-03 13:31:49 --> Could not find the language line "setting_short_language"
ERROR - 2017-07-03 13:31:51 --> Could not find the language line "setting_short_language"
ERROR - 2017-07-03 13:31:52 --> Could not find the language line "setting_short_language"
ERROR - 2017-07-03 13:31:54 --> Could not find the language line "setting_short_language"
ERROR - 2017-07-03 19:13:19 --> Could not find the language line "setting_short_language"
ERROR - 2017-07-03 19:13:24 --> Could not find the language line "setting_short_language"
ERROR - 2017-07-03 19:13:26 --> Could not find the language line "setting_short_language"
ERROR - 2017-07-03 19:13:43 --> Could not find the language line "setting_short_language"
ERROR - 2017-07-03 19:13:45 --> Could not find the language line "setting_short_language"
ERROR - 2017-07-03 19:14:57 --> Could not find the language line "setting_short_language"
ERROR - 2017-07-03 19:15:00 --> Could not find the language line "setting_short_language"
ERROR - 2017-07-03 19:15:00 --> Could not find the language line "setting_short_language"
ERROR - 2017-07-03 19:17:17 --> Could not find the language line "setting_short_language"
ERROR - 2017-07-03 19:20:10 --> Severity: Warning --> mysqli::query(): MySQL server has gone away /var/www/html/bambooinvoice/system/database/drivers/mysqli/mysqli_driver.php 299
ERROR - 2017-07-03 19:20:10 --> Severity: Warning --> mysqli::query(): Error reading result set's header /var/www/html/bambooinvoice/system/database/drivers/mysqli/mysqli_driver.php 299
ERROR - 2017-07-03 19:20:10 --> Query error: MySQL server has gone away - Invalid query: INSERT INTO `clientcontacts` (`client_id`, `first_name`, `last_name`, `email`, `phone`, `title`, `access_level`) VALUES (3, 'Paula', 'Patrice', 'pp@ppweb.com', '917-783-0120', '', 0)
ERROR - 2017-07-03 19:23:34 --> Severity: Warning --> mysqli::query(): MySQL server has gone away /var/www/html/bambooinvoice/system/database/drivers/mysqli/mysqli_driver.php 299
ERROR - 2017-07-03 19:23:34 --> Severity: Warning --> mysqli::query(): Error reading result set's header /var/www/html/bambooinvoice/system/database/drivers/mysqli/mysqli_driver.php 299
ERROR - 2017-07-03 19:23:34 --> Query error: MySQL server has gone away - Invalid query: INSERT INTO `clientcontacts` (`client_id`, `first_name`, `last_name`, `email`, `phone`, `title`, `access_level`) VALUES (3, 'Paula', 'Patrice', 'pp@ppweb.com', '917-783-0120', '', 0)
ERROR - 2017-07-03 19:23:35 --> Severity: Warning --> mysqli::query(): MySQL server has gone away /var/www/html/bambooinvoice/system/database/drivers/mysqli/mysqli_driver.php 299
ERROR - 2017-07-03 19:23:35 --> Severity: Warning --> mysqli::query(): Error reading result set's header /var/www/html/bambooinvoice/system/database/drivers/mysqli/mysqli_driver.php 299
ERROR - 2017-07-03 19:23:35 --> Query error: MySQL server has gone away - Invalid query: INSERT INTO `clientcontacts` (`client_id`, `first_name`, `last_name`, `email`, `phone`, `title`, `access_level`) VALUES (3, 'Paula', 'Patrice', 'pp@ppweb.com', '917-783-0120', '', 0)
ERROR - 2017-07-03 19:23:35 --> Severity: Warning --> mysqli::real_connect(): (HY000/2002): Connection refused /var/www/html/bambooinvoice/system/database/drivers/mysqli/mysqli_driver.php 201
ERROR - 2017-07-03 19:23:35 --> Severity: error --> Exception: Unable to connect to the database. /var/www/html/bambooinvoice/system/database/DB_driver.php 433
ERROR - 2017-07-03 19:23:36 --> Severity: Warning --> mysqli::real_connect(): (HY000/2002): Connection refused /var/www/html/bambooinvoice/system/database/drivers/mysqli/mysqli_driver.php 201
ERROR - 2017-07-03 19:23:36 --> Severity: error --> Exception: Unable to connect to the database. /var/www/html/bambooinvoice/system/database/DB_driver.php 433
ERROR - 2017-07-03 19:23:36 --> Severity: Warning --> mysqli::real_connect(): (HY000/2002): Connection refused /var/www/html/bambooinvoice/system/database/drivers/mysqli/mysqli_driver.php 201
ERROR - 2017-07-03 19:23:36 --> Severity: error --> Exception: Unable to connect to the database. /var/www/html/bambooinvoice/system/database/DB_driver.php 433
ERROR - 2017-07-03 19:23:40 --> Could not find the language line "setting_short_language"
ERROR - 2017-07-03 19:25:38 --> Severity: Warning --> mysqli::query(): MySQL server has gone away /var/www/html/bambooinvoice/system/database/drivers/mysqli/mysqli_driver.php 299
ERROR - 2017-07-03 19:25:38 --> Severity: Warning --> mysqli::query(): Error reading result set's header /var/www/html/bambooinvoice/system/database/drivers/mysqli/mysqli_driver.php 299
ERROR - 2017-07-03 19:25:38 --> Query error: MySQL server has gone away - Invalid query: INSERT INTO `clientcontacts` (`client_id`, `first_name`, `last_name`, `email`, `phone`, `title`, `access_level`) VALUES (3, 'Paula', 'Patrice', 'pp@ppweb.com', '9177830120', '', 0)
ERROR - 2017-07-03 19:30:37 --> Could not find the language line "setting_short_language"
ERROR - 2017-07-03 19:30:39 --> Could not find the language line "setting_short_language"
ERROR - 2017-07-03 19:30:41 --> Could not find the language line "setting_short_language"
ERROR - 2017-07-03 19:30:57 --> Severity: Warning --> mysqli::query(): MySQL server has gone away /var/www/html/bambooinvoice/system/database/drivers/mysqli/mysqli_driver.php 299
ERROR - 2017-07-03 19:30:57 --> Severity: Warning --> mysqli::query(): Error reading result set's header /var/www/html/bambooinvoice/system/database/drivers/mysqli/mysqli_driver.php 299
ERROR - 2017-07-03 19:30:57 --> Query error: MySQL server has gone away - Invalid query: INSERT INTO `clientcontacts` (`client_id`, `first_name`, `last_name`, `email`, `phone`, `title`, `access_level`) VALUES (3, 'Paula', 'Patrice', 'pp@ppweb.com', '', '', 0)
ERROR - 2017-07-03 19:38:23 --> Could not find the language line "setting_short_language"
ERROR - 2017-07-03 19:38:26 --> Could not find the language line "setting_short_language"
ERROR - 2017-07-03 19:38:27 --> Could not find the language line "setting_short_language"
ERROR - 2017-07-03 20:41:46 --> Could not find the language line "setting_short_language"
ERROR - 2017-07-03 20:41:48 --> Could not find the language line "setting_short_language"
ERROR - 2017-07-03 20:41:50 --> Could not find the language line "setting_short_language"
ERROR - 2017-07-03 20:42:14 --> Severity: Warning --> mysqli::query(): MySQL server has gone away /var/www/html/bambooinvoice/system/database/drivers/mysqli/mysqli_driver.php 299
ERROR - 2017-07-03 20:42:14 --> Severity: Warning --> mysqli::query(): Error reading result set's header /var/www/html/bambooinvoice/system/database/drivers/mysqli/mysqli_driver.php 299
ERROR - 2017-07-03 20:42:14 --> Query error: MySQL server has gone away - Invalid query: INSERT INTO `clientcontacts` (`client_id`, `first_name`, `last_name`, `email`, `phone`, `title`, `access_level`) VALUES (3, 'Paula', 'Patrice', 'pp@ppweb.com', '', '', 0)
ERROR - 2017-07-03 20:43:38 --> Severity: Warning --> mysqli::query(): MySQL server has gone away /var/www/html/bambooinvoice/system/database/drivers/mysqli/mysqli_driver.php 299
ERROR - 2017-07-03 20:43:38 --> Severity: Warning --> mysqli::query(): Error reading result set's header /var/www/html/bambooinvoice/system/database/drivers/mysqli/mysqli_driver.php 299
ERROR - 2017-07-03 20:43:38 --> Query error: MySQL server has gone away - Invalid query: INSERT INTO `clientcontacts` (`client_id`, `first_name`, `last_name`, `email`, `phone`, `title`, `access_level`) VALUES (3, 'Paula', 'Patrice', 'pp@ppweb.com', '', '', 0)
ERROR - 2017-07-03 20:43:41 --> Could not find the language line "setting_short_language"
ERROR - 2017-07-03 20:44:08 --> Severity: Warning --> mysqli::query(): MySQL server has gone away /var/www/html/bambooinvoice/system/database/drivers/mysqli/mysqli_driver.php 299
ERROR - 2017-07-03 20:44:08 --> Severity: Warning --> mysqli::query(): Error reading result set's header /var/www/html/bambooinvoice/system/database/drivers/mysqli/mysqli_driver.php 299
ERROR - 2017-07-03 20:44:08 --> Query error: MySQL server has gone away - Invalid query: INSERT INTO `clientcontacts` (`client_id`, `first_name`, `last_name`, `email`, `phone`, `title`, `access_level`) VALUES (3, 'Paula', 'Patrice', 'pp@ppweb.com', '917-783-0120', '', 0)
ERROR - 2017-07-03 20:48:03 --> Could not find the language line "setting_short_language"
ERROR - 2017-07-03 20:57:02 --> Could not find the language line "setting_short_language"
ERROR - 2017-07-03 20:57:04 --> Could not find the language line "setting_short_language"
ERROR - 2017-07-03 20:57:52 --> Severity: Warning --> mysqli::query(): MySQL server has gone away /var/www/html/bambooinvoice/system/database/drivers/mysqli/mysqli_driver.php 299
ERROR - 2017-07-03 20:57:52 --> Severity: Warning --> mysqli::query(): Error reading result set's header /var/www/html/bambooinvoice/system/database/drivers/mysqli/mysqli_driver.php 299
ERROR - 2017-07-03 20:57:52 --> Query error: MySQL server has gone away - Invalid query: INSERT INTO `clientcontacts` (`client_id`, `first_name`, `last_name`, `email`, `phone`, `title`, `access_level`) VALUES (3, 'Paula', 'Patrice', 'pp@ppweb.com', '', '', 0)
ERROR - 2017-07-03 21:24:56 --> Could not find the language line "setting_short_language"
ERROR - 2017-07-03 21:24:58 --> Could not find the language line "setting_short_language"
ERROR - 2017-07-03 21:25:09 --> Severity: Notice --> Trying to get property of non-object /var/www/html/bambooinvoice/application/controllers/Install.php 275
ERROR - 2017-07-03 21:25:09 --> Severity: Notice --> Trying to get property of non-object /var/www/html/bambooinvoice/application/controllers/Install.php 283
ERROR - 2017-07-03 21:25:09 --> Severity: Notice --> Trying to get property of non-object /var/www/html/bambooinvoice/application/controllers/Install.php 297
ERROR - 2017-07-03 21:25:09 --> Severity: Notice --> Trying to get property of non-object /var/www/html/bambooinvoice/application/controllers/Install.php 328
ERROR - 2017-07-03 21:25:09 --> Severity: Notice --> Trying to get property of non-object /var/www/html/bambooinvoice/application/controllers/Install.php 350
ERROR - 2017-07-03 21:25:09 --> Severity: Notice --> Trying to get property of non-object /var/www/html/bambooinvoice/application/controllers/Install.php 382
ERROR - 2017-07-03 21:25:09 --> Severity: Notice --> Trying to get property of non-object /var/www/html/bambooinvoice/application/controllers/Install.php 430
ERROR - 2017-07-03 21:26:48 --> Could not find the language line "setting_short_language"
ERROR - 2017-07-03 21:26:51 --> Could not find the language line "setting_short_language"
ERROR - 2017-07-03 21:27:38 --> Could not find the language line "setting_short_language"
ERROR - 2017-07-03 21:28:06 --> Could not find the language line "setting_short_language"
ERROR - 2017-07-03 21:30:26 --> Query error: Table 'bambooinvoice.ci_sessions' doesn't exist - Invalid query: SELECT `data`
FROM `ci_sessions`
WHERE `id` = 'gtucd0a9s4plrfa297deh31h7iiu0tai'
ERROR - 2017-07-03 21:30:33 --> Query error: Table 'bambooinvoice.ci_sessions' doesn't exist - Invalid query: SELECT `data`
FROM `ci_sessions`
WHERE `id` = 'gtucd0a9s4plrfa297deh31h7iiu0tai'
ERROR - 2017-07-03 21:30:40 --> Query error: Table 'bambooinvoice.ci_sessions' doesn't exist - Invalid query: SELECT `data`
FROM `ci_sessions`
WHERE `id` = 'gtucd0a9s4plrfa297deh31h7iiu0tai'
ERROR - 2017-07-03 21:30:41 --> Query error: Table 'bambooinvoice.ci_sessions' doesn't exist - Invalid query: SELECT `data`
FROM `ci_sessions`
WHERE `id` = 'gtucd0a9s4plrfa297deh31h7iiu0tai'
ERROR - 2017-07-03 21:30:42 --> Query error: Table 'bambooinvoice.ci_sessions' doesn't exist - Invalid query: SELECT `data`
FROM `ci_sessions`
WHERE `id` = 'gtucd0a9s4plrfa297deh31h7iiu0tai'
ERROR - 2017-07-03 21:41:16 --> Could not find the language line "setting_short_language"
ERROR - 2017-07-03 21:41:18 --> Could not find the language line "setting_short_language"
ERROR - 2017-07-03 21:41:25 --> Could not find the language line "setting_short_language"
ERROR - 2017-07-03 21:56:26 --> Could not find the language line "setting_short_language"
ERROR - 2017-07-03 21:56:33 --> Could not find the language line "setting_short_language"
ERROR - 2017-07-03 21:56:44 --> Could not find the language line "setting_short_language"
ERROR - 2017-07-03 21:57:03 --> Could not find the language line "setting_short_language"
ERROR - 2017-07-03 21:57:08 --> Could not find the language line "setting_short_language"
ERROR - 2017-07-03 21:57:10 --> Could not find the language line "setting_short_language"
ERROR - 2017-07-03 21:57:12 --> Could not find the language line "setting_short_language"
ERROR - 2017-07-03 21:57:15 --> Could not find the language line "setting_short_language"
ERROR - 2017-07-03 21:57:33 --> Could not find the language line "setting_short_language"
ERROR - 2017-07-03 21:57:39 --> Could not find the language line "setting_short_language"
ERROR - 2017-07-03 21:57:42 --> Could not find the language line "setting_short_language"
ERROR - 2017-07-03 21:57:45 --> Could not find the language line "cients_province"
ERROR - 2017-07-03 21:57:45 --> Could not find the language line "invoice_default_note"
ERROR - 2017-07-03 21:57:45 --> Could not find the language line "settings_payment_days"
ERROR - 2017-07-03 21:57:45 --> Could not find the language line "settings_tax1_description"
ERROR - 2017-07-03 21:57:45 --> Could not find the language line "settings_tax1_rate"
ERROR - 2017-07-03 21:57:45 --> Could not find the language line "settings_tax2_description"
ERROR - 2017-07-03 21:57:45 --> Could not find the language line "settings_tax2_rate"
ERROR - 2017-07-03 21:57:45 --> Could not find the language line "sutilities_automatic_version_check"
ERROR - 2017-07-03 21:57:45 --> Could not find the language line "setting_short_language"
ERROR - 2017-07-03 21:58:02 --> Could not find the language line "cients_province"
ERROR - 2017-07-03 21:58:02 --> Could not find the language line "invoice_default_note"
ERROR - 2017-07-03 21:58:02 --> Could not find the language line "settings_payment_days"
ERROR - 2017-07-03 21:58:02 --> Could not find the language line "settings_tax1_description"
ERROR - 2017-07-03 21:58:02 --> Could not find the language line "settings_tax1_rate"
ERROR - 2017-07-03 21:58:02 --> Could not find the language line "settings_tax2_description"
ERROR - 2017-07-03 21:58:02 --> Could not find the language line "settings_tax2_rate"
ERROR - 2017-07-03 21:58:02 --> Could not find the language line "sutilities_automatic_version_check"
ERROR - 2017-07-03 21:58:02 --> Could not find the language line "form_validation_htmlescapechars"
ERROR - 2017-07-03 21:58:02 --> Could not find the language line "form_validation_htmlescapechars"
ERROR - 2017-07-03 21:58:02 --> Could not find the language line "form_validation_htmlescapechars"
ERROR - 2017-07-03 21:58:02 --> Could not find the language line "form_validation_prep_for_form"
ERROR - 2017-07-03 21:58:02 --> Could not find the language line "form_validation_prep_for_form"
ERROR - 2017-07-03 21:58:02 --> Could not find the language line "form_validation_prep_for_form"
ERROR - 2017-07-03 21:58:02 --> Could not find the language line "setting_short_language"
ERROR - 2017-07-03 21:58:02 --> Severity: Notice --> Undefined property: CI_Loader::$validation /var/www/html/bambooinvoice/application/views/settings/index.php 7
ERROR - 2017-07-03 21:58:02 --> Severity: Notice --> Trying to get property of non-object /var/www/html/bambooinvoice/application/views/settings/index.php 7
ERROR - 2017-07-03 21:59:39 --> Could not find the language line "cients_province"
ERROR - 2017-07-03 21:59:39 --> Could not find the language line "invoice_default_note"
ERROR - 2017-07-03 21:59:39 --> Could not find the language line "settings_payment_days"
ERROR - 2017-07-03 21:59:39 --> Could not find the language line "settings_tax1_description"
ERROR - 2017-07-03 21:59:39 --> Could not find the language line "settings_tax1_rate"
ERROR - 2017-07-03 21:59:39 --> Could not find the language line "settings_tax2_description"
ERROR - 2017-07-03 21:59:39 --> Could not find the language line "settings_tax2_rate"
ERROR - 2017-07-03 21:59:39 --> Could not find the language line "sutilities_automatic_version_check"
ERROR - 2017-07-03 21:59:39 --> Could not find the language line "setting_short_language"
ERROR - 2017-07-03 21:59:48 --> Could not find the language line "cients_province"
ERROR - 2017-07-03 21:59:48 --> Could not find the language line "invoice_default_note"
ERROR - 2017-07-03 21:59:48 --> Could not find the language line "settings_payment_days"
ERROR - 2017-07-03 21:59:48 --> Could not find the language line "settings_tax1_description"
ERROR - 2017-07-03 21:59:48 --> Could not find the language line "settings_tax1_rate"
ERROR - 2017-07-03 21:59:48 --> Could not find the language line "settings_tax2_description"
ERROR - 2017-07-03 21:59:48 --> Could not find the language line "settings_tax2_rate"
ERROR - 2017-07-03 21:59:48 --> Could not find the language line "sutilities_automatic_version_check"
ERROR - 2017-07-03 21:59:48 --> Could not find the language line "form_validation_htmlescapechars"
ERROR - 2017-07-03 21:59:48 --> Could not find the language line "form_validation_htmlescapechars"
ERROR - 2017-07-03 21:59:48 --> Could not find the language line "form_validation_htmlescapechars"
ERROR - 2017-07-03 21:59:48 --> Could not find the language line "form_validation_prep_for_form"
ERROR - 2017-07-03 21:59:48 --> Could not find the language line "form_validation_prep_for_form"
ERROR - 2017-07-03 21:59:48 --> Could not find the language line "form_validation_prep_for_form"
ERROR - 2017-07-03 21:59:48 --> Could not find the language line "setting_short_language"
ERROR - 2017-07-03 22:09:02 --> Could not find the language line "cients_province"
ERROR - 2017-07-03 22:09:02 --> Could not find the language line "invoice_default_note"
ERROR - 2017-07-03 22:09:02 --> Could not find the language line "settings_payment_days"
ERROR - 2017-07-03 22:09:02 --> Could not find the language line "settings_tax1_description"
ERROR - 2017-07-03 22:09:02 --> Could not find the language line "settings_tax1_rate"
ERROR - 2017-07-03 22:09:02 --> Could not find the language line "settings_tax2_description"
ERROR - 2017-07-03 22:09:02 --> Could not find the language line "settings_tax2_rate"
ERROR - 2017-07-03 22:09:02 --> Could not find the language line "setting_short_language"
ERROR - 2017-07-03 22:09:14 --> Could not find the language line "cients_province"
ERROR - 2017-07-03 22:09:14 --> Could not find the language line "invoice_default_note"
ERROR - 2017-07-03 22:09:14 --> Could not find the language line "settings_payment_days"
ERROR - 2017-07-03 22:09:14 --> Could not find the language line "settings_tax1_description"
ERROR - 2017-07-03 22:09:14 --> Could not find the language line "settings_tax1_rate"
ERROR - 2017-07-03 22:09:14 --> Could not find the language line "settings_tax2_description"
ERROR - 2017-07-03 22:09:14 --> Could not find the language line "settings_tax2_rate"
ERROR - 2017-07-03 22:09:14 --> Could not find the language line "form_validation_prep_for_form"
ERROR - 2017-07-03 22:09:14 --> Could not find the language line "setting_short_language"
ERROR - 2017-07-03 22:09:37 --> Could not find the language line "cients_province"
ERROR - 2017-07-03 22:09:37 --> Could not find the language line "invoice_default_note"
ERROR - 2017-07-03 22:09:37 --> Could not find the language line "settings_payment_days"
ERROR - 2017-07-03 22:09:37 --> Could not find the language line "settings_tax1_description"
ERROR - 2017-07-03 22:09:37 --> Could not find the language line "settings_tax1_rate"
ERROR - 2017-07-03 22:09:37 --> Could not find the language line "settings_tax2_description"
ERROR - 2017-07-03 22:09:37 --> Could not find the language line "settings_tax2_rate"
ERROR - 2017-07-03 22:09:37 --> The upload destination folder does not appear to be writable.
ERROR - 2017-07-03 22:09:37 --> Could not find the language line "cients_province"
ERROR - 2017-07-03 22:09:37 --> Could not find the language line "invoice_default_note"
ERROR - 2017-07-03 22:09:37 --> Could not find the language line "settings_payment_days"
ERROR - 2017-07-03 22:09:37 --> Could not find the language line "settings_tax1_description"
ERROR - 2017-07-03 22:09:37 --> Could not find the language line "settings_tax1_rate"
ERROR - 2017-07-03 22:09:37 --> Could not find the language line "settings_tax2_description"
ERROR - 2017-07-03 22:09:37 --> Could not find the language line "settings_tax2_rate"
ERROR - 2017-07-03 22:09:37 --> Could not find the language line "setting_short_language"
ERROR - 2017-07-03 22:11:03 --> Could not find the language line "setting_short_language"
ERROR - 2017-07-03 22:11:41 --> Could not find the language line "setting_short_language"
ERROR - 2017-07-03 22:11:43 --> Could not find the language line "setting_short_language"
ERROR - 2017-07-03 22:11:52 --> Could not find the language line "setting_short_language"
